<?xml version="1.0" encoding="UTF-8"?>
<!-- Generated by org.testng.reporters.JUnitXMLReporter -->
<testsuite hostname="Gs-MacBook-Pro.modem" ignored="0" name="Default test" tests="3" failures="0" timestamp="25 Apr 2019 12:14:08 GMT" time="17.709" errors="0">
  <testcase name="verifyLoginPageTitleTest" time="0.029" classname="com.officeworks.qa.tests.LoginPageTest"/>
  <testcase name="validateLogo" time="0.04" classname="com.officeworks.qa.tests.LoginPageTest"/>
  <testcase name="loginTest" time="0.82" classname="com.officeworks.qa.tests.LoginPageTest"/>
</testsuite> <!-- Default test -->
